# JRE version: OpenJDK Runtime Environment Temurin-21.0.6+7 (21.0.6+7) (build 21.0.6+7-LTS)
# Java VM: OpenJDK 64-Bit Server VM Temurin-21.0.6+7 (21.0.6+7-LTS, mixed mode, sharing, tiered, compressed oops, compressed class ptrs, g1 gc, windows-amd64)
GC Precious Log:
 CardTable entry size: 512
 Card Set container configuration: InlinePtr #cards 5 size 8 Array Of Cards #cards 12 size 40 Howl #buckets 4 coarsen threshold 1843 Howl Bitmap #cards 512 size 80 coarsen threshold 460 Card regions per heap region 1 cards per card region 2048
 CPUs: 2 total, 2 available
 Memory: 3737M
 Large Page Support: Disabled
 NUMA Support: Disabled
 Compressed Oops: Enabled (32-bit)
 Heap Region Size: 1M
 Heap Min Capacity: 8M
 Heap Initial Capacity: 60M
 Heap Max Capacity: 936M
 Pre-touch: Disabled
 Parallel Workers: 2
 Concurrent Workers: 1
 Concurrent Refinement Workers: 2
 Periodic GC: Disabled
Heap:
 garbage-first heap   total 61440K, used 42589K [0x00000000c5800000, 0x0000000100000000)
  region size 1024K, 26 young (26624K), 3 survivors (3072K)
 Metaspace       used 25454K, committed 25728K, reserved 1114112K
  class space    used 2815K, committed 2944K, reserved 1048576K
GC Heap History (16 events):
Event: 22.546 GC heap before
{Heap before GC invocations=0 (full 0):
 garbage-first heap   total 61440K, used 5120K [0x00000000c5800000, 0x0000000100000000)
  region size 1024K, 6 young (6144K), 0 survivors (0K)
 Metaspace       used 1950K, committed 2112K, reserved 1114112K
  class space    used 180K, committed 256K, reserved 1048576K
}
Event: 24.768 GC heap after
{Heap after GC invocations=1 (full 0):
 garbage-first heap   total 61440K, used 2048K [0x00000000c5800000, 0x0000000100000000)
  region size 1024K, 1 young (1024K), 1 survivors (1024K)
 Metaspace       used 1950K, committed 2112K, reserved 1114112K
  class space    used 180K, committed 256K, reserved 1048576K
}
Event: 40.090 GC heap before
{Heap before GC invocations=1 (full 0):
 garbage-first heap   total 61440K, used 6144K [0x00000000c5800000, 0x0000000100000000)
  region size 1024K, 5 young (5120K), 1 survivors (1024K)
 Metaspace       used 2955K, committed 3072K, reserved 1114112K
  class space    used 292K, committed 320K, reserved 1048576K
}
Event: 40.110 GC heap after
{Heap after GC invocations=2 (full 0):
 garbage-first heap   total 61440K, used 3370K [0x00000000c5800000, 0x0000000100000000)
  region size 1024K, 1 young (1024K), 1 survivors (1024K)
 Metaspace       used 2955K, committed 3072K, reserved 1114112K
  class space    used 292K, committed 320K, reserved 1048576K
}
Event: 63.419 GC heap before
{Heap before GC invocations=2 (full 0):
 garbage-first heap   total 61440K, used 11562K [0x00000000c5800000, 0x0000000100000000)
  region size 1024K, 10 young (10240K), 1 survivors (1024K)
 Metaspace       used 5624K, committed 5888K, reserved 1114112K
  class space    used 638K, committed 768K, reserved 1048576K
}
Event: 63.441 GC heap after
{Heap after GC invocations=3 (full 0):
 garbage-first heap   total 61440K, used 3932K [0x00000000c5800000, 0x0000000100000000)
  region size 1024K, 2 young (2048K), 2 survivors (2048K)
 Metaspace       used 5624K, committed 5888K, reserved 1114112K
  class space    used 638K, committed 768K, reserved 1048576K
}
Event: 109.616 GC heap before
{Heap before GC invocations=3 (full 0):
 garbage-first heap   total 61440K, used 37724K [0x00000000c5800000, 0x0000000100000000)
  region size 1024K, 36 young (36864K), 2 survivors (2048K)
 Metaspace       used 10216K, committed 10368K, reserved 1114112K
  class space    used 1200K, committed 1280K, reserved 1048576K
}
Event: 109.648 GC heap after
{Heap after GC invocations=4 (full 0):
 garbage-first heap   total 61440K, used 5688K [0x00000000c5800000, 0x0000000100000000)
  region size 1024K, 4 young (4096K), 4 survivors (4096K)
 Metaspace       used 10216K, committed 10368K, reserved 1114112K
  class space    used 1200K, committed 1280K, reserved 1048576K
}
Event: 176.498 GC heap before
{Heap before GC invocations=4 (full 0):
 garbage-first heap   total 61440K, used 38456K [0x00000000c5800000, 0x0000000100000000)
  region size 1024K, 36 young (36864K), 4 survivors (4096K)
 Metaspace       used 15367K, committed 15616K, reserved 1114112K
  class space    used 1789K, committed 1920K, reserved 1048576K
}
Event: 176.612 GC heap after
{Heap after GC invocations=5 (full 0):
 garbage-first heap   total 61440K, used 9216K [0x00000000c5800000, 0x0000000100000000)
  region size 1024K, 5 young (5120K), 5 survivors (5120K)
 Metaspace       used 15367K, committed 15616K, reserved 1114112K
  class space    used 1789K, committed 1920K, reserved 1048576K
}
Event: 270.599 GC heap before
{Heap before GC invocations=5 (full 0):
 garbage-first heap   total 61440K, used 40960K [0x00000000c5800000, 0x0000000100000000)
  region size 1024K, 36 young (36864K), 5 survivors (5120K)
 Metaspace       used 16170K, committed 16448K, reserved 1114112K
  class space    used 1858K, committed 1984K, reserved 1048576K
}
Event: 270.756 GC heap after
{Heap after GC invocations=6 (full 0):
 garbage-first heap   total 61440K, used 13662K [0x00000000c5800000, 0x0000000100000000)
  region size 1024K, 4 young (4096K), 4 survivors (4096K)
 Metaspace       used 16170K, committed 16448K, reserved 1114112K
  class space    used 1858K, committed 1984K, reserved 1048576K
}
Event: 326.510 GC heap before
{Heap before GC invocations=6 (full 0):
 garbage-first heap   total 61440K, used 38238K [0x00000000c5800000, 0x0000000100000000)
  region size 1024K, 29 young (29696K), 4 survivors (4096K)
 Metaspace       used 21233K, committed 21504K, reserved 1114112K
  class space    used 2433K, committed 2560K, reserved 1048576K
}
Event: 326.601 GC heap after
{Heap after GC invocations=7 (full 0):
 garbage-first heap   total 61440K, used 18089K [0x00000000c5800000, 0x0000000100000000)
  region size 1024K, 4 young (4096K), 4 survivors (4096K)
 Metaspace       used 21233K, committed 21504K, reserved 1114112K
  class space    used 2433K, committed 2560K, reserved 1048576K
}
Event: 361.302 GC heap before
{Heap before GC invocations=8 (full 0):
 garbage-first heap   total 61440K, used 50857K [0x00000000c5800000, 0x0000000100000000)
  region size 1024K, 36 young (36864K), 4 survivors (4096K)
 Metaspace       used 24932K, committed 25152K, reserved 1114112K
  class space    used 2793K, committed 2880K, reserved 1048576K
}
Event: 361.393 GC heap after
{Heap after GC invocations=9 (full 0):
 garbage-first heap   total 61440K, used 20061K [0x00000000c5800000, 0x0000000100000000)
  region size 1024K, 3 young (3072K), 3 survivors (3072K)
 Metaspace       used 24932K, committed 25152K, reserved 1114112K
  class space    used 2793K, committed 2880K, reserved 1048576K
}

