# JRE version: OpenJDK Runtime Environment Temurin-21.0.6+7 (21.0.6+7) (build 21.0.6+7-LTS)
# Java VM: OpenJDK 64-Bit Server VM Temurin-21.0.6+7 (21.0.6+7-LTS, mixed mode, emulated-client, sharing, tiered, compressed oops, compressed class ptrs, g1 gc, windows-amd64)
GC Precious Log:
 CardTable entry size: 512
 Card Set container configuration: InlinePtr #cards 5 size 8 Array Of Cards #cards 12 size 40 Howl #buckets 4 coarsen threshold 1843 Howl Bitmap #cards 512 size 80 coarsen threshold 460 Card regions per heap region 1 cards per card region 2048
 CPUs: 2 total, 2 available
 Memory: 3737M
 Large Page Support: Disabled
 NUMA Support: Disabled
 Compressed Oops: Enabled (32-bit)
 Heap Region Size: 1M
 Heap Min Capacity: 8M
 Heap Initial Capacity: 60M
 Heap Max Capacity: 936M
 Pre-touch: Disabled
 Parallel Workers: 2
 Concurrent Workers: 1
 Concurrent Refinement Workers: 2
 Periodic GC: Disabled
Heap:
 garbage-first heap   total 61440K, used 25282K [0x00000000c5800000, 0x0000000100000000)
  region size 1024K, 20 young (20480K), 4 survivors (4096K)
 Metaspace       used 15048K, committed 15360K, reserved 1114112K
  class space    used 2108K, committed 2240K, reserved 1048576K
GC Heap History (8 events):
Event: 36.271 GC heap before
{Heap before GC invocations=0 (full 0):
 garbage-first heap   total 61440K, used 7168K [0x00000000c5800000, 0x0000000100000000)
  region size 1024K, 6 young (6144K), 0 survivors (0K)
 Metaspace       used 320K, committed 512K, reserved 1114112K
  class space    used 35K, committed 128K, reserved 1048576K
}
Event: 38.446 GC heap after
{Heap after GC invocations=1 (full 0):
 garbage-first heap   total 61440K, used 5846K [0x00000000c5800000, 0x0000000100000000)
  region size 1024K, 1 young (1024K), 1 survivors (1024K)
 Metaspace       used 320K, committed 512K, reserved 1114112K
  class space    used 35K, committed 128K, reserved 1048576K
}
Event: 56.069 GC heap before
{Heap before GC invocations=1 (full 0):
 garbage-first heap   total 61440K, used 8918K [0x00000000c5800000, 0x0000000100000000)
  region size 1024K, 4 young (4096K), 1 survivors (1024K)
 Metaspace       used 1494K, committed 1664K, reserved 1114112K
  class space    used 177K, committed 256K, reserved 1048576K
}
Event: 56.094 GC heap after
{Heap after GC invocations=2 (full 0):
 garbage-first heap   total 61440K, used 6612K [0x00000000c5800000, 0x0000000100000000)
  region size 1024K, 1 young (1024K), 1 survivors (1024K)
 Metaspace       used 1494K, committed 1664K, reserved 1114112K
  class space    used 177K, committed 256K, reserved 1048576K
}
Event: 91.852 GC heap before
{Heap before GC invocations=2 (full 0):
 garbage-first heap   total 61440K, used 13780K [0x00000000c5800000, 0x0000000100000000)
  region size 1024K, 9 young (9216K), 1 survivors (1024K)
 Metaspace       used 3449K, committed 3584K, reserved 1114112K
  class space    used 455K, committed 512K, reserved 1048576K
}
Event: 91.879 GC heap after
{Heap after GC invocations=3 (full 0):
 garbage-first heap   total 61440K, used 7189K [0x00000000c5800000, 0x0000000100000000)
  region size 1024K, 2 young (2048K), 2 survivors (2048K)
 Metaspace       used 3449K, committed 3584K, reserved 1114112K
  class space    used 455K, committed 512K, reserved 1048576K
}
Event: 294.097 GC heap before
{Heap before GC invocations=3 (full 0):
 garbage-first heap   total 61440K, used 39957K [0x00000000c5800000, 0x0000000100000000)
  region size 1024K, 35 young (35840K), 2 survivors (2048K)
 Metaspace       used 11055K, committed 11392K, reserved 1114112K
  class space    used 1647K, committed 1792K, reserved 1048576K
}
Event: 294.332 GC heap after
{Heap after GC invocations=4 (full 0):
 garbage-first heap   total 61440K, used 9922K [0x00000000c5800000, 0x0000000100000000)
  region size 1024K, 4 young (4096K), 4 survivors (4096K)
 Metaspace       used 11055K, committed 11392K, reserved 1114112K
  class space    used 1647K, committed 1792K, reserved 1048576K
}

